Success: Not sent - in demo mode
======================================================================================
To: pschlump@gmail.com
Subject: Debug Email
HTML: 
<!DOCTYPE html>
<html>
<head>
	<meta charset="utf-8">
</head>
<body>
<h1> Debug Template HTML </h1>
<hr>

<table>    
<tr><th>    Name </th><th>      Value               </th></tr>
<tr><td>    templateFn</td><td> ./debug.tmpl		</td></tr>
<tr><td>    app</td><td>        qr-today.com			</td></tr>
<tr><td>    tmpl</td><td>       debug8.tmpl			</td></tr>
<tr><td>    &nbsp;</td></tr>						</td></tr>
<tr><td>    to</td><td>         pschlump@gmail.com				</td></tr>
<tr><td>    from</td><td>       pschlump@gmail.com			</td></tr>
<tr><td>    subject</td><td>    Hi Bob		</td></tr>
<tr><td>    bodyhtml</td><td>   <no value>		</td></tr>
<tr><td>    bodytext</td><td>   <no value>		</td></tr>
<tr><td>    p0</td><td>         				</td></tr>
<tr><td>    p1</td><td>         				</td></tr>
<tr><td>    p2</td><td>         				</td></tr>
<tr><td>    p3</td><td>         				</td></tr>
<tr><td>    p4</td><td>         				</td></tr>
<tr><td>    p5</td><td>         				</td></tr>
<tr><td>    p6</td><td>         				</td></tr>
<tr><td>    p7</td><td>         				</td></tr>
<tr><td>    p8</td><td>         				</td></tr>
<tr><td>    p9</td><td>         				</td></tr>
</table>    
    
</body>
</html>

Text: 
    
    Debug Template Text
    ===================
    
    templateFn: ./debug.tmpl
    app:        qr-today.com
    tmpl:       debug8.tmpl
    
    to:         pschlump@gmail.com
    from:       pschlump@gmail.com
    subject:    Hi Bob
    bodyhtml:   <no value>
    bodytext:   <no value>
    p0:         
    p1:         
    p2:         
    p3:         
    p4:         
    p5:         
    p6:         
    p7:         
    p8:         
    p9:         
    




Success: Not sent - in demo mode
======================================================================================
To: pschlump@gmail.com
Subject: Debug Email
HTML: 
<!DOCTYPE html>
<html>
<head>
	<meta charset="utf-8">
</head>
<body>
<h1> Debug Template HTML </h1>
<hr>

<table>    
<tr><th>    Name </th><th>      Value               </th></tr>
<tr><td>    templateFn</td><td> ./debug.tmpl		</td></tr>
<tr><td>    app</td><td>        qr-today.com			</td></tr>
<tr><td>    tmpl</td><td>       debug8.tmpl			</td></tr>
<tr><td>    &nbsp;</td></tr>						</td></tr>
<tr><td>    to</td><td>         pschlump@gmail.com				</td></tr>
<tr><td>    from</td><td>       pschlump@gmail.com			</td></tr>
<tr><td>    subject</td><td>    Hi Bob		</td></tr>
<tr><td>    bodyhtml</td><td>   Ya Ya Ya...		</td></tr>
<tr><td>    bodytext</td><td>   Ya Ya Ya Text!...		</td></tr>
<tr><td>    p0</td><td>         				</td></tr>
<tr><td>    p1</td><td>         				</td></tr>
<tr><td>    p2</td><td>         				</td></tr>
<tr><td>    p3</td><td>         				</td></tr>
<tr><td>    p4</td><td>         				</td></tr>
<tr><td>    p5</td><td>         				</td></tr>
<tr><td>    p6</td><td>         				</td></tr>
<tr><td>    p7</td><td>         				</td></tr>
<tr><td>    p8</td><td>         				</td></tr>
<tr><td>    p9</td><td>         				</td></tr>
</table>    
    
</body>
</html>

Text: 
    
    Debug Template Text
    ===================
    
    templateFn: ./debug.tmpl
    app:        qr-today.com
    tmpl:       debug8.tmpl
    
    to:         pschlump@gmail.com
    from:       pschlump@gmail.com
    subject:    Hi Bob
    bodyhtml:   Ya Ya Ya...
    bodytext:   Ya Ya Ya Text!...
    p0:         
    p1:         
    p2:         
    p3:         
    p4:         
    p5:         
    p6:         
    p7:         
    p8:         
    p9:         
    




Success: Not sent - in demo mode
======================================================================================
To: pschlump@gmail.com
Subject: Debug Email
HTML: 
<!DOCTYPE html>
<html>
<head>
	<meta charset="utf-8">
</head>
<body>
<h1> Debug Template HTML </h1>
<hr>

<table>    
<tr><th>    Name </th><th>      Value               </th></tr>
<tr><td>    templateFn</td><td> ./debug.tmpl		</td></tr>
<tr><td>    app</td><td>        qr-today.com			</td></tr>
<tr><td>    tmpl</td><td>       debug8.tmpl			</td></tr>
<tr><td>    &nbsp;</td></tr>						</td></tr>
<tr><td>    to</td><td>         pschlump@gmail.com				</td></tr>
<tr><td>    from</td><td>       pschlump@gmail.com			</td></tr>
<tr><td>    subject</td><td>    Hi Bob		</td></tr>
<tr><td>    bodyhtml</td><td>   Ya Ya Ya...		</td></tr>
<tr><td>    bodytext</td><td>   Ya Ya Ya Text!...		</td></tr>
<tr><td>    p0</td><td>         				</td></tr>
<tr><td>    p1</td><td>         				</td></tr>
<tr><td>    p2</td><td>         				</td></tr>
<tr><td>    p3</td><td>         				</td></tr>
<tr><td>    p4</td><td>         				</td></tr>
<tr><td>    p5</td><td>         				</td></tr>
<tr><td>    p6</td><td>         				</td></tr>
<tr><td>    p7</td><td>         				</td></tr>
<tr><td>    p8</td><td>         				</td></tr>
<tr><td>    p9</td><td>         				</td></tr>
</table>    
    
</body>
</html>

Text: 
    
    Debug Template Text
    ===================
    
    templateFn: ./debug.tmpl
    app:        qr-today.com
    tmpl:       debug8.tmpl
    
    to:         pschlump@gmail.com
    from:       pschlump@gmail.com
    subject:    Hi Bob
    bodyhtml:   Ya Ya Ya...
    bodytext:   Ya Ya Ya Text!...
    p0:         
    p1:         
    p2:         
    p3:         
    p4:         
    p5:         
    p6:         
    p7:         
    p8:         
    p9:         
    
	../tmpl/qr-today.com/debug8.tmpl





Success: Not sent - in demo mode
======================================================================================
To: pschlump@gmail.com
Subject: Debug Email
HTML: 
<!DOCTYPE html>
<html>
<head>
	<meta charset="utf-8">
</head>
<body>
<h1> Debug Template HTML </h1>
<hr>

<table>    
<tr><th>    Name </th><th>      Value               </th></tr>
<tr><td>    templateFn</td><td> ../tmpl/qr-today.com/debug8.tmpl		</td></tr>
<tr><td>    app</td><td>        qr-today.com			</td></tr>
<tr><td>    tmpl</td><td>       debug8.tmpl			</td></tr>
<tr><td>    &nbsp;</td></tr>						</td></tr>
<tr><td>    to</td><td>         pschlump@gmail.com				</td></tr>
<tr><td>    from</td><td>       pschlump@gmail.com			</td></tr>
<tr><td>    subject</td><td>    Hi Bob		</td></tr>
<tr><td>    bodyhtml</td><td>   Ya Ya Ya...		</td></tr>
<tr><td>    bodytext</td><td>   Ya Ya Ya Text!...		</td></tr>
<tr><td>    p0</td><td>         				</td></tr>
<tr><td>    p1</td><td>         				</td></tr>
<tr><td>    p2</td><td>         				</td></tr>
<tr><td>    p3</td><td>         				</td></tr>
<tr><td>    p4</td><td>         				</td></tr>
<tr><td>    p5</td><td>         				</td></tr>
<tr><td>    p6</td><td>         				</td></tr>
<tr><td>    p7</td><td>         				</td></tr>
<tr><td>    p8</td><td>         				</td></tr>
<tr><td>    p9</td><td>         				</td></tr>
</table>    
    
</body>
</html>

Text: 
    
    Debug Template Text
    ===================
    
    templateFn: ../tmpl/qr-today.com/debug8.tmpl
    app:        qr-today.com
    tmpl:       debug8.tmpl
    
    to:         pschlump@gmail.com
    from:       pschlump@gmail.com
    subject:    Hi Bob
    bodyhtml:   Ya Ya Ya...
    bodytext:   Ya Ya Ya Text!...
    p0:         
    p1:         
    p2:         
    p3:         
    p4:         
    p5:         
    p6:         
    p7:         
    p8:         
    p9:         
    
	





Success: Not sent - in demo mode
======================================================================================
To: pschlump@gmail.com
Subject: Debug Email
HTML: 
<!DOCTYPE html>
<html>
<head>
	<meta charset="utf-8">
</head>
<body>
<h1> Debug Template HTML </h1>
<hr>

<table>    
<tr><th>    Name </th><th>      Value               </th></tr>
<tr><td>    templateFn</td><td> ../tmpl/qr-today.com/debug8.tmpl		</td></tr>
<tr><td>    app</td><td>        qr-today.com			</td></tr>
<tr><td>    tmpl</td><td>       debug8.tmpl			</td></tr>
<tr><td>    &nbsp;</td></tr>						</td></tr>
<tr><td>    to</td><td>         pschlump@gmail.com				</td></tr>
<tr><td>    from</td><td>       pschlump@gmail.com			</td></tr>
<tr><td>    subject</td><td>    Hi Bob		</td></tr>
<tr><td>    bodyhtml</td><td>   Ya Ya Ya...		</td></tr>
<tr><td>    bodytext</td><td>   Ya Ya Ya Text!...		</td></tr>
<tr><td>    p0</td><td>         				</td></tr>
<tr><td>    p1</td><td>         				</td></tr>
<tr><td>    p2</td><td>         				</td></tr>
<tr><td>    p3</td><td>         				</td></tr>
<tr><td>    p4</td><td>         				</td></tr>
<tr><td>    p5</td><td>         				</td></tr>
<tr><td>    p6</td><td>         				</td></tr>
<tr><td>    p7</td><td>         				</td></tr>
<tr><td>    p8</td><td>         				</td></tr>
<tr><td>    p9</td><td>         				</td></tr>
</table>    
    
</body>
</html>

Text: 
    
    Debug Template Text
    ===================
    
    templateFn: ../tmpl/qr-today.com/debug8.tmpl
    app:        qr-today.com
    tmpl:       debug8.tmpl
    
    to:         pschlump@gmail.com
    from:       pschlump@gmail.com
    subject:    Hi Bob
    bodyhtml:   Ya Ya Ya...
    bodytext:   Ya Ya Ya Text!...
    p0:         
    p1:         
    p2:         
    p3:         
    p4:         
    p5:         
    p6:         
    p7:         
    p8:         
    p9:         
    
	





